<?xml version="1.0" encoding="UTF-8"?>
<testsuite xmlns:xsi="http://www.w3.org/2001/XMLSchema-instance" xsi:noNamespaceSchemaLocation="https://maven.apache.org/surefire/maven-surefire-plugin/xsd/surefire-test-report.xsd" name="com.baeldung.camel.boot.testing.GreetingsFileRouterUnitTest" time="5.32" tests="1" errors="0" skipped="0" failures="0">
  <properties>
[...]
</properties>
  <testcase name="whenSendBody_thenGreetingReceivedSuccessfully" classname="com.baeldung.camel.boot.testing.GreetingsFileRouterUnitTest" time="1.22"/>
</testsuite>